  Kmap.cpp
C:\Users\dell\source\repos\KMapSolver\KMapSolver\src\Kmap.h(24,22): warning C4018: '<': signed/unsigned mismatch
C:\Users\dell\source\repos\KMapSolver\KMapSolver\src\Kmap.cpp(7,20): warning C4244: 'initializing': conversion from 'double' to 'uint32_t', possible loss of data
C:\Users\dell\source\repos\KMapSolver\KMapSolver\src\Kmap.cpp(58,115): warning C4244: 'argument': conversion from 'double' to 'T', possible loss of data
          with
          [
              T=float
          ]
C:\Users\dell\source\repos\KMapSolver\KMapSolver\src\Kmap.cpp(58,72): warning C4244: 'argument': conversion from 'double' to 'T', possible loss of data
          with
          [
              T=float
          ]
C:\Users\dell\source\repos\KMapSolver\KMapSolver\src\Kmap.cpp(95,136): warning C4244: 'argument': conversion from 'double' to 'T', possible loss of data
          with
          [
              T=float
          ]
C:\Users\dell\source\repos\KMapSolver\KMapSolver\src\Kmap.cpp(95,94): warning C4244: 'argument': conversion from 'double' to 'T', possible loss of data
          with
          [
              T=float
          ]
C:\Users\dell\source\repos\KMapSolver\KMapSolver\src\Kmap.cpp(480,33): warning C4267: 'initializing': conversion from 'size_t' to 'int16_t', possible loss of data
  KMapSolver.vcxproj -> C:\Users\dell\source\repos\KMapSolver\Debug\KMapSolver.exe
