  MapsManager.cpp
C:\Users\dell\source\repos\KMapSolver\KMapSolver\src\Kmap.h(24,22): warning C4018: '<': signed/unsigned mismatch
  Kmap.cpp
C:\Users\dell\source\repos\KMapSolver\KMapSolver\src\Kmap.h(24,22): warning C4018: '<': signed/unsigned mismatch
C:\Users\dell\source\repos\KMapSolver\KMapSolver\src\Kmap.cpp(7,20): warning C4244: 'initializing': conversion from 'double' to 'uint32_t', possible loss of data
C:\Users\dell\source\repos\KMapSolver\KMapSolver\src\Kmap.cpp(58,115): warning C4244: 'argument': conversion from 'double' to 'T', possible loss of data
          with
          [
              T=float
          ]
C:\Users\dell\source\repos\KMapSolver\KMapSolver\src\Kmap.cpp(58,72): warning C4244: 'argument': conversion from 'double' to 'T', possible loss of data
          with
          [
              T=float
          ]
C:\Users\dell\source\repos\KMapSolver\KMapSolver\src\Kmap.cpp(95,136): warning C4244: 'argument': conversion from 'double' to 'T', possible loss of data
          with
          [
              T=float
          ]
C:\Users\dell\source\repos\KMapSolver\KMapSolver\src\Kmap.cpp(95,94): warning C4244: 'argument': conversion from 'double' to 'T', possible loss of data
          with
          [
              T=float
          ]
C:\Users\dell\source\repos\KMapSolver\KMapSolver\src\Kmap.cpp(480,33): warning C4267: 'initializing': conversion from 'size_t' to 'int16_t', possible loss of data
  Application.cpp
  Button.cpp
  main.cpp
C:\Users\dell\source\repos\KMapSolver\KMapSolver\src\Kmap.h(24,22): warning C4018: '<': signed/unsigned mismatch
C:\Users\dell\source\repos\KMapSolver\KMapSolver\src\main.cpp(40,1): warning C4305: 'argument': truncation from 'double' to 'float'
  TruthTable.cpp
C:\Users\dell\source\repos\KMapSolver\KMapSolver\src\TruthTable.cpp(10,20): warning C4244: 'initializing': conversion from 'double' to 'uint32_t', possible loss of data
C:\Users\dell\source\repos\KMapSolver\KMapSolver\src\TruthTable.cpp(103,21): warning C4244: 'initializing': conversion from 'double' to 'uint32_t', possible loss of data
  Generating code
  Previous IPDB was built with incompatible compiler, fall back to full compilation.
  All 704 functions were compiled because no usable IPDB/IOBJ from previous compilation was found.
  Finished generating code
  KMapSolver.vcxproj -> C:\Users\dell\source\repos\KMapSolver\Release\KMapSolver.exe
